{"uid":"1a2de4fd1ffd83b7","name":"test_invalid_login","fullName":"test_saucedemo.tests.test_login.TestLogin#test_invalid_login","historyId":"1b30222eb42563206d73d41d6d62746d","time":{"start":1764096787600,"stop":1764096792948,"duration":5348},"status":"broken","statusMessage":"selenium.common.exceptions.NoSuchElementException: Message: no such element: Unable to locate element: {\"method\":\"css selector\",\"selector\":\"h3[data-test='error']\"}\n  (Session info: chrome=142.0.7444.176); For documentation on this error, please visit: https://www.selenium.dev/documentation/webdriver/troubleshooting/errors#nosuchelementexception\nStacktrace:\nSymbols not available. Dumping unresolved backtrace:\n\t0x7ff79634a235\n\t0x7ff7960a2630\n\t0x7ff795e316dd\n\t0x7ff795e8a27e\n\t0x7ff795e8a58c\n\t0x7ff795eded77\n\t0x7ff795edbaba\n\t0x7ff795e7b0ed\n\t0x7ff795e7bf63\n\t0x7ff796375d60\n\t0x7ff79636fe8a\n\t0x7ff796391005\n\t0x7ff7960bd71e\n\t0x7ff7960c4e1f\n\t0x7ff7960ab7c4\n\t0x7ff7960ab97f\n\t0x7ff7960918e8\n\t0x7fff0d8fe8d7\n\t0x7fff0ed4c53c","statusTrace":"self = <tests.test_login.TestLogin object at 0x00000296E4E08F50>\n\n    def test_invalid_login(self):\n        self.login_page.open_login_page()\n        self.login_page.login(\"wrong_user\", \"wrong_pass\")\n>       error_message = self.login_page.get_error_message()\n                        ^^^^^^^^^^^^^^^^^^^^^^^^^^^^^^^^^^^\n\ntest_saucedemo\\tests\\test_login.py:24: \n_ _ _ _ _ _ _ _ _ _ _ _ _ _ _ _ _ _ _ _ _ _ _ _ _ _ _ _ _ _ _ _ _ _ _ _ _ _ _ _ _ _ _ _ _ _ _ _ _ _ _ _ _ _ _ _ _ _ _ _ _ _ _ _ _ _ _ _ _ _ _ _ _ _ _ _ _ _ _ _ _ _ _ _ _ _ _ _ _ _\ntest_saucedemo\\pages\\login_page.py:19: in get_error_message\n    return self.get_text(self.driver.find_element(*self.ERROR_MESSAGE))\n                         ^^^^^^^^^^^^^^^^^^^^^^^^^^^^^^^^^^^^^^^^^^^^^\n..\\..\\..\\AppData\\Local\\Programs\\Python\\Python314\\Lib\\site-packages\\selenium\\webdriver\\remote\\webdriver.py:926: in find_element\n    return self.execute(Command.FIND_ELEMENT, {\"using\": by, \"value\": value})[\"value\"]\n           ^^^^^^^^^^^^^^^^^^^^^^^^^^^^^^^^^^^^^^^^^^^^^^^^^^^^^^^^^^^^^^^^^\n..\\..\\..\\AppData\\Local\\Programs\\Python\\Python314\\Lib\\site-packages\\selenium\\webdriver\\remote\\webdriver.py:458: in execute\n    self.error_handler.check_response(response)\n_ _ _ _ _ _ _ _ _ _ _ _ _ _ _ _ _ _ _ _ _ _ _ _ _ _ _ _ _ _ _ _ _ _ _ _ _ _ _ _ _ _ _ _ _ _ _ _ _ _ _ _ _ _ _ _ _ _ _ _ _ _ _ _ _ _ _ _ _ _ _ _ _ _ _ _ _ _ _ _ _ _ _ _ _ _ _ _ _ _\n\nself = <selenium.webdriver.remote.errorhandler.ErrorHandler object at 0x00000296E4DC3A50>\nresponse = {'status': 404, 'value': '{\"value\":{\"error\":\"no such element\",\"message\":\"no such element: Unable to locate element: {\\...ff7960c4e1f\\\\n\\\\t0x7ff7960ab7c4\\\\n\\\\t0x7ff7960ab97f\\\\n\\\\t0x7ff7960918e8\\\\n\\\\t0x7fff0d8fe8d7\\\\n\\\\t0x7fff0ed4c53c\\\\n\"}}'}\n\n    def check_response(self, response: dict[str, Any]) -> None:\n        \"\"\"Checks that a JSON response from the WebDriver does not have an\n        error.\n    \n        :Args:\n         - response - The JSON response from the WebDriver server as a dictionary\n           object.\n    \n        :Raises: If the response contains an error message.\n        \"\"\"\n        status = response.get(\"status\", None)\n        if not status or status == ErrorCode.SUCCESS:\n            return\n        value = None\n        message = response.get(\"message\", \"\")\n        screen: str = response.get(\"screen\", \"\")\n        stacktrace = None\n        if isinstance(status, int):\n            value_json = response.get(\"value\", None)\n            if value_json and isinstance(value_json, str):\n                try:\n                    value = json.loads(value_json)\n                    if isinstance(value, dict):\n                        if len(value) == 1:\n                            value = value[\"value\"]\n                        status = value.get(\"error\", None)\n                        if not status:\n                            status = value.get(\"status\", ErrorCode.UNKNOWN_ERROR)\n                            message = value.get(\"value\") or value.get(\"message\")\n                            if not isinstance(message, str):\n                                value = message\n                                message = message.get(\"message\") if isinstance(message, dict) else None\n                        else:\n                            message = value.get(\"message\", None)\n                except ValueError:\n                    pass\n    \n        exception_class: type[WebDriverException]\n        e = ErrorCode()\n        error_codes = [item for item in dir(e) if not item.startswith(\"__\")]\n        for error_code in error_codes:\n            error_info = getattr(ErrorCode, error_code)\n            if isinstance(error_info, list) and status in error_info:\n                exception_class = getattr(ExceptionMapping, error_code, WebDriverException)\n                break\n        else:\n            exception_class = WebDriverException\n    \n        if not value:\n            value = response[\"value\"]\n        if isinstance(value, str):\n            raise exception_class(value)\n        if message == \"\" and \"message\" in value:\n            message = value[\"message\"]\n    \n        screen = None  # type: ignore[assignment]\n        if \"screen\" in value:\n            screen = value[\"screen\"]\n    \n        stacktrace = None\n        st_value = value.get(\"stackTrace\") or value.get(\"stacktrace\")\n        if st_value:\n            if isinstance(st_value, str):\n                stacktrace = st_value.split(\"\\n\")\n            else:\n                stacktrace = []\n                try:\n                    for frame in st_value:\n                        line = frame.get(\"lineNumber\", \"\")\n                        file = frame.get(\"fileName\", \"<anonymous>\")\n                        if line:\n                            file = f\"{file}:{line}\"\n                        meth = frame.get(\"methodName\", \"<anonymous>\")\n                        if \"className\" in frame:\n                            meth = f\"{frame['className']}.{meth}\"\n                        msg = \"    at %s (%s)\"\n                        msg = msg % (meth, file)\n                        stacktrace.append(msg)\n                except TypeError:\n                    pass\n        if exception_class == UnexpectedAlertPresentException:\n            alert_text = None\n            if \"data\" in value:\n                alert_text = value[\"data\"].get(\"text\")\n            elif \"alert\" in value:\n                alert_text = value[\"alert\"].get(\"text\")\n            raise exception_class(message, screen, stacktrace, alert_text)  # type: ignore[call-arg]  # mypy is not smart enough here\n>       raise exception_class(message, screen, stacktrace)\nE       selenium.common.exceptions.NoSuchElementException: Message: no such element: Unable to locate element: {\"method\":\"css selector\",\"selector\":\"h3[data-test='error']\"}\nE         (Session info: chrome=142.0.7444.176); For documentation on this error, please visit: https://www.selenium.dev/documentation/webdriver/troubleshooting/errors#nosuchelementexception\nE       Stacktrace:\nE       Symbols not available. Dumping unresolved backtrace:\nE       \t0x7ff79634a235\nE       \t0x7ff7960a2630\nE       \t0x7ff795e316dd\nE       \t0x7ff795e8a27e\nE       \t0x7ff795e8a58c\nE       \t0x7ff795eded77\nE       \t0x7ff795edbaba\nE       \t0x7ff795e7b0ed\nE       \t0x7ff795e7bf63\nE       \t0x7ff796375d60\nE       \t0x7ff79636fe8a\nE       \t0x7ff796391005\nE       \t0x7ff7960bd71e\nE       \t0x7ff7960c4e1f\nE       \t0x7ff7960ab7c4\nE       \t0x7ff7960ab97f\nE       \t0x7ff7960918e8\nE       \t0x7fff0d8fe8d7\nE       \t0x7fff0ed4c53c\n\n..\\..\\..\\AppData\\Local\\Programs\\Python\\Python314\\Lib\\site-packages\\selenium\\webdriver\\remote\\errorhandler.py:232: NoSuchElementException","flaky":false,"newFailed":false,"newBroken":false,"newPassed":false,"retriesCount":0,"retriesStatusChange":false,"beforeStages":[{"name":"delete_output_dir","time":{"start":1764096739062,"stop":1764096739062,"duration":0},"status":"passed","steps":[],"attachments":[],"parameters":[],"attachmentsCount":0,"attachmentStep":false,"stepsCount":0,"shouldDisplayMessage":false,"hasContent":false},{"name":"_verify_url","time":{"start":1764096739062,"stop":1764096739062,"duration":0},"status":"passed","steps":[],"attachments":[],"parameters":[],"attachmentsCount":0,"attachmentStep":false,"stepsCount":0,"shouldDisplayMessage":false,"hasContent":false},{"name":"base_url","time":{"start":1764096739062,"stop":1764096739062,"duration":0},"status":"passed","steps":[],"attachments":[],"parameters":[],"attachmentsCount":0,"attachmentStep":false,"stepsCount":0,"shouldDisplayMessage":false,"hasContent":false},{"name":"pytestconfig","time":{"start":1764096739062,"stop":1764096739062,"duration":0},"status":"passed","steps":[],"attachments":[],"parameters":[],"attachmentsCount":0,"attachmentStep":false,"stepsCount":0,"shouldDisplayMessage":false,"hasContent":false},{"name":"setup_driver","time":{"start":1764096784537,"stop":1764096785721,"duration":1184},"status":"passed","steps":[],"attachments":[],"parameters":[],"attachmentsCount":0,"attachmentStep":false,"stepsCount":0,"shouldDisplayMessage":false,"hasContent":false},{"name":"_xunit_setup_method_fixture_TestLogin","time":{"start":1764096787600,"stop":1764096787600,"duration":0},"status":"passed","steps":[],"attachments":[],"parameters":[],"attachmentsCount":0,"attachmentStep":false,"stepsCount":0,"shouldDisplayMessage":false,"hasContent":false}],"afterStages":[{"name":"_xunit_setup_method_fixture_TestLogin::0","time":{"start":1764096793103,"stop":1764096793103,"duration":0},"status":"passed","steps":[],"attachments":[],"parameters":[],"attachmentsCount":0,"attachmentStep":false,"stepsCount":0,"shouldDisplayMessage":false,"hasContent":false},{"name":"setup_driver::0","time":{"start":1764096793104,"stop":1764096795308,"duration":2204},"status":"passed","steps":[],"attachments":[],"parameters":[],"attachmentsCount":0,"attachmentStep":false,"stepsCount":0,"shouldDisplayMessage":false,"hasContent":false}],"labels":[{"name":"parentSuite","value":"test_saucedemo.tests"},{"name":"suite","value":"test_login"},{"name":"subSuite","value":"TestLogin"},{"name":"host","value":"Manan"},{"name":"thread","value":"15484-MainThread"},{"name":"framework","value":"pytest"},{"name":"language","value":"cpython3"},{"name":"package","value":"test_saucedemo.tests.test_login"},{"name":"resultFormat","value":"allure2"}],"parameters":[],"links":[],"hidden":false,"retry":false,"extra":{"severity":"normal","retries":[],"categories":[{"name":"Test defects","matchedStatuses":[]}],"tags":[]},"source":"1a2de4fd1ffd83b7.json","parameterValues":[]}